app/build/outputs/logs/manifest-merger-debug-report.txt
-- Merging decision tree log ---
manifest
ADDED from src/main/AndroidManifest.xml:2:1-32:12
	package
		ADDED from src/main/AndroidManifest.xml:3:5-31
		INJECTED from src/main/AndroidManifest.xml
		INJECTED from src/main/AndroidManifest.xml
	android:versionName
		INJECTED from src/main/AndroidManifest.xml
		INJECTED from src/main/AndroidManifest.xml
	xmlns:android
		ADDED from src/main/AndroidManifest.xml:2:11-69
	android:versionCode
		INJECTED from src/main/AndroidManifest.xml
		INJECTED from src/main/AndroidManifest.xml
application
ADDED from src/main/AndroidManifest.xml:5:5-30:19
MERGED from [com.android.support:percent:24.2.0] AndroidManifest.xml:22:5-20
MERGED from [com.android.support:support-compat:24.2.0] AndroidManifest.xml:25:5-20
MERGED from [com.android.support:design:24.2.0] AndroidManifest.xml:22:5-20
MERGED from [com.android.support:appcompat-v7:24.2.0] AndroidManifest.xml:25:5-20
MERGED from [com.android.support:support-vector-drawable:24.2.0] AndroidManifest.xml:23:5-20
MERGED from [com.android.support:animated-vector-drawable:24.2.0] AndroidManifest.xml:22:5-20
MERGED from [com.android.support:support-v4:24.2.0] AndroidManifest.xml:25:5-20
MERGED from [com.android.support:support-core-utils:24.2.0] AndroidManifest.xml:25:5-20
MERGED from [com.android.support:support-media-compat:24.2.0] AndroidManifest.xml:25:5-20
MERGED from [com.android.support:support-core-ui:24.2.0] AndroidManifest.xml:25:5-20
MERGED from [com.android.support:support-fragment:24.2.0] AndroidManifest.xml:25:5-20
MERGED from [com.twitter.sdk.android:tweet-ui:3.0.0] AndroidManifest.xml:27:5-35:19
MERGED from [com.twitter.sdk.android:twitter-core:3.0.0] AndroidManifest.xml:27:5-33:19
MERGED from [com.twitter.sdk.android:tweet-composer:3.0.0] AndroidManifest.xml:27:5-37:19
MERGED from [com.twitter.sdk.android:twitter-mopub:3.0.0] AndroidManifest.xml:27:5-40:19
MERGED from [com.mopub:mopub-sdk:4.11.0] AndroidManifest.xml:11:5-20
MERGED from [com.mopub:mopub-sdk-base:4.11.0] AndroidManifest.xml:11:5-20
MERGED from [com.mopub:mopub-sdk-banner:4.11.0] AndroidManifest.xml:11:5-20
MERGED from [com.mopub:mopub-sdk-interstitial:4.11.0] AndroidManifest.xml:11:5-20
MERGED from [com.mopub:mopub-sdk-rewardedvideo:4.11.0] AndroidManifest.xml:11:5-20
MERGED from [com.mopub:mopub-sdk-native-static:4.11.0] AndroidManifest.xml:11:5-20
MERGED from [com.mopub:mopub-sdk-native-video:4.11.0] AndroidManifest.xml:11:5-20
	android:label
		ADDED from src/main/AndroidManifest.xml:8:9-41
	android:supportsRtl
		ADDED from src/main/AndroidManifest.xml:10:9-35
	android:allowBackup
		ADDED from src/main/AndroidManifest.xml:6:9-35
	android:icon
		ADDED from src/main/AndroidManifest.xml:7:9-43
	android:theme
		ADDED from src/main/AndroidManifest.xml:11:9-65
	android:name
		ADDED from src/main/AndroidManifest.xml:9:9-39
activity#com.twitter.demo.SplashScreen
ADDED from src/main/AndroidManifest.xml:13:9-19:20
	android:name
		ADDED from src/main/AndroidManifest.xml:13:19-63
intent-filter#android.intent.action.MAIN+android.intent.category.LAUNCHER
ADDED from src/main/AndroidManifest.xml:14:13-18:29
action#android.intent.action.MAIN
ADDED from src/main/AndroidManifest.xml:15:17-69
	android:name
		ADDED from src/main/AndroidManifest.xml:15:25-66
category#android.intent.category.LAUNCHER
ADDED from src/main/AndroidManifest.xml:17:17-77
	android:name
		ADDED from src/main/AndroidManifest.xml:17:27-74
activity#com.twitter.demo.ui.login.LoginUserActivity
ADDED from src/main/AndroidManifest.xml:21:9-22:51
	android:screenOrientation
		ADDED from src/main/AndroidManifest.xml:22:13-49
	android:name
		ADDED from src/main/AndroidManifest.xml:21:19-77
activity#com.twitter.demo.ui.followers.FollowersActivity
ADDED from src/main/AndroidManifest.xml:24:9-25:51
	android:screenOrientation
		ADDED from src/main/AndroidManifest.xml:25:13-49
	android:name
		ADDED from src/main/AndroidManifest.xml:24:19-81
activity#com.twitter.demo.ui.followers_details.FollowersDetailsActivity
ADDED from src/main/AndroidManifest.xml:27:9-28:51
	android:screenOrientation
		ADDED from src/main/AndroidManifest.xml:28:13-49
	android:name
		ADDED from src/main/AndroidManifest.xml:27:19-96
uses-sdk
INJECTED from src/main/AndroidManifest.xml reason: use-sdk injection requested
MERGED from [io.realm:realm-android-library:2.3.1] AndroidManifest.xml:7:5-9:41
MERGED from [com.getkeepsafe.relinker:relinker:1.2.2] AndroidManifest.xml:7:5-43
MERGED from [com.android.support:percent:24.2.0] AndroidManifest.xml:20:5-43
MERGED from [com.android.support:support-compat:24.2.0] AndroidManifest.xml:21:5-23:58
MERGED from [com.android.support:design:24.2.0] AndroidManifest.xml:20:5-43
MERGED from [com.android.support:appcompat-v7:24.2.0] AndroidManifest.xml:21:5-23:78
MERGED from [com.android.support:support-vector-drawable:24.2.0] AndroidManifest.xml:21:5-43
MERGED from [com.android.support:animated-vector-drawable:24.2.0] AndroidManifest.xml:20:5-44
MERGED from [com.android.support:support-v4:24.2.0] AndroidManifest.xml:21:5-23:54
MERGED from [com.android.support:support-core-utils:24.2.0] AndroidManifest.xml:21:5-23:61
MERGED from [com.android.support:support-media-compat:24.2.0] AndroidManifest.xml:21:5-23:63
MERGED from [com.android.support:support-core-ui:24.2.0] AndroidManifest.xml:21:5-23:58
MERGED from [com.android.support:support-fragment:24.2.0] AndroidManifest.xml:21:5-23:60
MERGED from [com.android.support:recyclerview-v7:24.2.0] AndroidManifest.xml:20:5-43
MERGED from [com.jakewharton:butterknife:8.0.1] AndroidManifest.xml:5:5-43
MERGED from [com.wang.avi:library:1.0.5] AndroidManifest.xml:7:5-9:41
MERGED from [com.artemzin.rxjava:proguard-rules:1.2.6.0] AndroidManifest.xml:8:5-43
MERGED from [com.twitter.sdk.android:tweet-ui:3.0.0] AndroidManifest.xml:23:5-44
MERGED from [com.twitter.sdk.android:twitter-core:3.0.0] AndroidManifest.xml:23:5-44
MERGED from [com.twitter.sdk.android:tweet-composer:3.0.0] AndroidManifest.xml:23:5-44
MERGED from [com.twitter.sdk.android:twitter-mopub:3.0.0] AndroidManifest.xml:23:5-44
MERGED from [com.mopub:mopub-sdk:4.11.0] AndroidManifest.xml:7:5-9:41
MERGED from [com.mopub:mopub-sdk-base:4.11.0] AndroidManifest.xml:7:5-9:41
MERGED from [com.mopub:mopub-sdk-banner:4.11.0] AndroidManifest.xml:7:5-9:41
MERGED from [com.mopub:mopub-sdk-interstitial:4.11.0] AndroidManifest.xml:7:5-9:41
MERGED from [com.mopub:mopub-sdk-rewardedvideo:4.11.0] AndroidManifest.xml:7:5-9:41
MERGED from [com.mopub:mopub-sdk-native-static:4.11.0] AndroidManifest.xml:7:5-9:41
MERGED from [com.mopub:mopub-sdk-native-video:4.11.0] AndroidManifest.xml:7:5-9:41
MERGED from [com.google.android.exoplayer:exoplayer:r1.5.6] AndroidManifest.xml:24:5-26:41
	tools:overrideLibrary
		ADDED from [com.android.support:support-compat:24.2.0] AndroidManifest.xml:23:9-55
	android:targetSdkVersion
		INJECTED from src/main/AndroidManifest.xml
		INJECTED from src/main/AndroidManifest.xml
	android:minSdkVersion
		INJECTED from src/main/AndroidManifest.xml
		INJECTED from src/main/AndroidManifest.xml
uses-permission#android.permission.INTERNET
ADDED from [com.twitter.sdk.android:tweet-ui:3.0.0] AndroidManifest.xml:25:5-67
MERGED from [com.twitter.sdk.android:twitter-core:3.0.0] AndroidManifest.xml:25:5-67
MERGED from [com.twitter.sdk.android:tweet-composer:3.0.0] AndroidManifest.xml:25:5-67
	android:name
		ADDED from [com.twitter.sdk.android:tweet-ui:3.0.0] AndroidManifest.xml:25:22-64
activity#com.twitter.sdk.android.tweetui.PlayerActivity
ADDED from [com.twitter.sdk.android:tweet-ui:3.0.0] AndroidManifest.xml:28:9-31:49
	android:configChanges
		ADDED from [com.twitter.sdk.android:tweet-ui:3.0.0] AndroidManifest.xml:30:13-74
	android:theme
		ADDED from [com.twitter.sdk.android:tweet-ui:3.0.0] AndroidManifest.xml:31:13-46
	android:name
		ADDED from [com.twitter.sdk.android:tweet-ui:3.0.0] AndroidManifest.xml:29:13-74
activity#com.twitter.sdk.android.tweetui.GalleryActivity
ADDED from [com.twitter.sdk.android:tweet-ui:3.0.0] AndroidManifest.xml:32:9-34:49
	android:theme
		ADDED from [com.twitter.sdk.android:tweet-ui:3.0.0] AndroidManifest.xml:34:13-46
	android:name
		ADDED from [com.twitter.sdk.android:tweet-ui:3.0.0] AndroidManifest.xml:33:13-75
activity#com.twitter.sdk.android.core.identity.OAuthActivity
ADDED from [com.twitter.sdk.android:twitter-core:3.0.0] AndroidManifest.xml:28:9-32:40
	android:excludeFromRecents
		ADDED from [com.twitter.sdk.android:twitter-core:3.0.0] AndroidManifest.xml:31:13-46
	android:exported
		ADDED from [com.twitter.sdk.android:twitter-core:3.0.0] AndroidManifest.xml:32:13-37
	android:configChanges
		ADDED from [com.twitter.sdk.android:twitter-core:3.0.0] AndroidManifest.xml:30:13-59
	android:name
		ADDED from [com.twitter.sdk.android:twitter-core:3.0.0] AndroidManifest.xml:29:13-79
activity#com.twitter.sdk.android.tweetcomposer.ComposerActivity
ADDED from [com.twitter.sdk.android:tweet-composer:3.0.0] AndroidManifest.xml:28:9-31:71
	android:exported
		ADDED from [com.twitter.sdk.android:tweet-composer:3.0.0] AndroidManifest.xml:30:13-37
	android:windowSoftInputMode
		ADDED from [com.twitter.sdk.android:tweet-composer:3.0.0] AndroidManifest.xml:31:13-68
	android:name
		ADDED from [com.twitter.sdk.android:tweet-composer:3.0.0] AndroidManifest.xml:29:13-82
service#com.twitter.sdk.android.tweetcomposer.TweetUploadService
ADDED from [com.twitter.sdk.android:tweet-composer:3.0.0] AndroidManifest.xml:33:9-36:40
	android:enabled
		ADDED from [com.twitter.sdk.android:tweet-composer:3.0.0] AndroidManifest.xml:35:13-35
	android:exported
		ADDED from [com.twitter.sdk.android:tweet-composer:3.0.0] AndroidManifest.xml:36:13-37
	android:name
		ADDED from [com.twitter.sdk.android:tweet-composer:3.0.0] AndroidManifest.xml:34:13-84
uses-permission#android.permission.ACCESS_NETWORK_STATE
ADDED from [com.twitter.sdk.android:twitter-mopub:3.0.0] AndroidManifest.xml:25:5-79
	android:name
		ADDED from [com.twitter.sdk.android:twitter-mopub:3.0.0] AndroidManifest.xml:25:22-76
activity#com.mopub.mobileads.MoPubActivity
ADDED from [com.twitter.sdk.android:twitter-mopub:3.0.0] AndroidManifest.xml:28:9-30:77
	android:configChanges
		ADDED from [com.twitter.sdk.android:twitter-mopub:3.0.0] AndroidManifest.xml:30:13-74
	android:name
		ADDED from [com.twitter.sdk.android:twitter-mopub:3.0.0] AndroidManifest.xml:29:13-61
activity#com.mopub.mobileads.MraidActivity
ADDED from [com.twitter.sdk.android:twitter-mopub:3.0.0] AndroidManifest.xml:31:9-33:77
	android:configChanges
		ADDED from [com.twitter.sdk.android:twitter-mopub:3.0.0] AndroidManifest.xml:33:13-74
	android:name
		ADDED from [com.twitter.sdk.android:twitter-mopub:3.0.0] AndroidManifest.xml:32:13-61
activity#com.mopub.common.MoPubBrowser
ADDED from [com.twitter.sdk.android:twitter-mopub:3.0.0] AndroidManifest.xml:34:9-36:77
	android:configChanges
		ADDED from [com.twitter.sdk.android:twitter-mopub:3.0.0] AndroidManifest.xml:36:13-74
	android:name
		ADDED from [com.twitter.sdk.android:twitter-mopub:3.0.0] AndroidManifest.xml:35:13-57
activity#com.mopub.mobileads.MraidVideoPlayerActivity
ADDED from [com.twitter.sdk.android:twitter-mopub:3.0.0] AndroidManifest.xml:37:9-39:77
	android:configChanges
		ADDED from [com.twitter.sdk.android:twitter-mopub:3.0.0] AndroidManifest.xml:39:13-74
	android:name
		ADDED from [com.twitter.sdk.android:twitter-mopub:3.0.0] AndroidManifest.xml:38:13-72